SF:C:\Users\jeffb\Desktop\dev\dart\aoc_2025\lib\aoc_2025.dart
FN:1,calculate
FNDA:1,calculate
FNF:1
FNH:1
DA:1,1
DA:2,1
LF:2
LH:2
BRDA:1,0,0,1
end_of_record
SF:C:\Users\jeffb\Desktop\dev\dart\aoc_2025\lib\chal_1\solve.dart
FN:6,main
FN:28,Direction.Direction
FN:34,Rotation.Rotation
FN:36,Rotation.fromInputs
FN:39,Rotation.Rotation.fromString
FN:73,Rotation.toString
FN:83,Rotation.props
FN:86,Rotation.getNewPosition
FN:98,Rotation.countClicks
FN:113,SafeRotation.applyRotation
FNDA:1,Rotation.Rotation
FNDA:1,Rotation.Rotation.fromString
FNDA:1,Rotation.toString
FNDA:1,Rotation.props
FNDA:1,Rotation.getNewPosition
FNDA:1,Rotation.countClicks
FNDA:1,SafeRotation.applyRotation
FNF:10
FNH:7
DA:6,0
DA:7,0
DA:8,0
DA:9,0
DA:15,0
DA:17,0
DA:19,0
DA:20,0
DA:22,0
DA:25,0
DA:34,1
DA:36,0
DA:37,0
DA:39,1
DA:40,1
DA:41,1
DA:46,1
DA:49,1
DA:53,0
DA:56,1
DA:70,1
DA:73,1
DA:75,1
DA:76,1
DA:77,3
DA:78,1
DA:79,3
DA:83,1
DA:84,3
DA:86,1
DA:88,2
DA:90,2
DA:92,2
DA:94,1
DA:98,1
DA:99,2
DA:100,1
DA:101,3
DA:102,1
DA:104,3
DA:105,0
DA:113,1
DA:114,1
LF:43
LH:29
BRDA:6,0,0,0
BRDA:15,0,0,0
BRDA:19,0,0,0
BRDA:34,0,0,1
BRDA:36,0,0,0
BRDA:37,0,0,0
BRDA:39,0,0,1
BRDA:46,0,0,1
BRDA:49,0,0,1
BRDA:52,0,0,0
BRDA:73,0,0,1
BRDA:76,0,0,1
BRDA:78,0,0,1
BRDA:83,0,0,1
BRDA:86,0,0,1
BRDA:88,0,0,1
BRDA:91,0,0,1
BRDA:98,0,0,1
BRDA:101,0,0,1
BRDA:104,0,0,0
BRDA:113,0,0,1
end_of_record
SF:C:\Users\jeffb\Desktop\dev\dart\aoc_2025\lib\chal_2\solve.dart
FN:5,main
FN:23,bf
FN:29,bfAll
FN:35,checkValidity2
FN:40,checkValidityAll
FN:55,getFactors
FNDA:1,bf
FNDA:1,bfAll
FNDA:1,checkValidity2
FNDA:1,checkValidityAll
FNDA:1,getFactors
FNF:6
FNH:5
DA:5,0
DA:6,0
DA:8,0
DA:9,0
DA:10,0
DA:13,0
DA:14,0
DA:15,0
DA:16,0
DA:17,0
DA:19,0
DA:20,0
DA:23,1
DA:24,5
DA:25,3
DA:26,1
DA:27,3
DA:29,1
DA:30,5
DA:31,3
DA:32,1
DA:33,3
DA:35,1
DA:36,3
DA:37,7
DA:40,1
DA:41,1
DA:42,1
DA:43,2
DA:44,1
DA:45,1
DA:46,2
DA:47,1
DA:55,1
DA:56,1
DA:58,2
DA:59,2
DA:60,1
LF:38
LH:26
BRDA:5,0,0,0
BRDA:10,0,0,0
BRDA:15,0,0,0
BRDA:19,0,0,0
BRDA:20,0,0,0
BRDA:23,0,0,1
BRDA:24,0,0,1
BRDA:25,0,0,1
BRDA:27,0,0,1
BRDA:29,0,0,1
BRDA:30,0,0,1
BRDA:31,0,0,1
BRDA:33,0,0,1
BRDA:35,0,0,1
BRDA:40,0,0,1
BRDA:43,0,0,1
BRDA:44,0,0,1
BRDA:47,0,0,1
BRDA:55,0,0,1
BRDA:58,0,0,1
BRDA:59,0,0,1
end_of_record
SF:C:\Users\jeffb\Desktop\dev\dart\aoc_2025\lib\chal_3\solve.dart
FN:6,main
FN:20,getMaxJolt
FN:49,getJoltage
FNDA:1,getMaxJolt
FNDA:1,getJoltage
FNF:3
FNH:2
DA:6,0
DA:7,0
DA:8,0
DA:9,0
DA:11,0
DA:12,0
DA:14,0
DA:15,0
DA:17,0
DA:20,1
DA:22,5
DA:23,1
DA:26,4
DA:29,2
DA:30,5
DA:34,1
DA:38,1
DA:39,4
DA:42,2
DA:43,1
DA:46,5
DA:49,1
DA:55,2
DA:56,1
DA:58,2
DA:59,2
DA:61,2
DA:66,1
DA:75,1
DA:77,2
DA:78,1
DA:79,1
DA:81,0
LF:33
LH:23
BRDA:6,0,0,0
BRDA:9,0,0,0
BRDA:11,0,0,0
BRDA:12,0,0,0
BRDA:14,0,0,0
BRDA:15,0,0,0
BRDA:20,0,0,1
BRDA:29,0,0,1
BRDA:30,0,0,1
BRDA:42,0,0,1
BRDA:46,0,0,1
BRDA:49,0,0,1
BRDA:55,0,0,1
BRDA:56,0,0,1
BRDA:57,0,0,1
BRDA:60,0,0,1
BRDA:65,0,0,2
BRDA:66,0,0,1
BRDA:69,0,0,1
BRDA:74,0,0,1
BRDA:76,0,0,1
BRDA:78,0,0,1
BRDA:80,0,0,0
end_of_record
SF:C:\Users\jeffb\Desktop\dev\dart\aoc_2025\lib\chal_4\solve.dart
FN:6,main
FN:47,getMultiStepPoints
FN:84,getMovingPoints
FN:132,PointValidity.isValid
FNDA:1,getMultiStepPoints
FNDA:1,getMovingPoints
FNDA:1,PointValidity.isValid
FNF:4
FNH:3
DA:6,0
DA:7,0
DA:8,0
DA:9,0
DA:11,0
DA:13,0
DA:27,0
DA:29,0
DA:30,0
DA:32,0
DA:47,1
DA:52,1
DA:54,1
DA:55,1
DA:57,1
DA:64,3
DA:65,4
DA:66,2
DA:68,2
DA:76,1
DA:77,1
DA:79,1
DA:84,1
DA:89,1
DA:91,3
DA:92,4
DA:93,3
DA:96,1
DA:97,1
DA:103,1
DA:104,3
DA:105,2
DA:106,2
DA:107,2
DA:109,1
DA:110,2
DA:111,1
DA:112,1
DA:114,2
DA:115,1
DA:116,4
DA:117,5
DA:118,1
DA:122,2
DA:123,1
DA:132,1
DA:133,8
LF:47
LH:37
BRDA:6,0,0,0
BRDA:9,0,0,0
BRDA:29,0,0,0
BRDA:47,0,0,1
BRDA:56,0,0,1
BRDA:64,0,0,1
BRDA:65,0,0,1
BRDA:66,0,0,1
BRDA:69,0,0,1
BRDA:76,0,0,1
BRDA:84,0,0,1
BRDA:91,0,0,1
BRDA:92,0,0,1
BRDA:93,0,0,1
BRDA:114,0,0,1
BRDA:117,0,0,1
BRDA:122,0,0,1
BRDA:132,0,0,1
end_of_record
SF:C:\Users\jeffb\Desktop\dev\dart\aoc_2025\lib\chal_5\solve.dart
FN:7,main
FN:46,parseInput
FN:65,Range.Range
FN:67,Range.has
FN:69,Range.merge
FN:77,Range.Range.fromString
FN:87,Range.toString
FN:92,Range.possibleIds
FN:99,Range.size
FN:101,Range.hashCode
FN:104,Range.==
FN:112,Range.compareTo
FN:119,MergeRanges.merge
FNDA:1,parseInput
FNDA:1,Range.Range
FNDA:5,Range.has
FNDA:1,Range.merge
FNDA:1,Range.Range.fromString
FNDA:5,Range.size
FNDA:1,Range.==
FNDA:1,Range.compareTo
FNDA:1,MergeRanges.merge
FNF:13
FNH:9
DA:7,0
DA:8,0
DA:9,0
DA:10,0
DA:12,0
DA:14,0
DA:15,0
DA:16,0
DA:20,0
DA:21,0
DA:24,0
DA:25,0
DA:30,0
DA:31,0
DA:32,0
DA:33,0
DA:34,0
DA:36,0
DA:37,0
DA:39,0
DA:40,0
DA:41,0
DA:42,0
DA:46,1
DA:47,1
DA:48,1
DA:49,2
DA:52,3
DA:53,1
DA:55,4
DA:56,1
DA:65,1
DA:67,5
DA:69,1
DA:71,8
DA:72,7
DA:77,1
DA:80,1
DA:81,3
DA:82,1
DA:84,5
DA:87,0
DA:89,0
DA:92,0
DA:93,0
DA:99,5
DA:101,0
DA:102,0
DA:104,1
DA:106,1
DA:109,6
DA:112,1
DA:114,3
DA:119,1
DA:120,1
DA:121,0
DA:123,1
DA:124,1
DA:126,3
DA:127,1
DA:128,2
DA:129,1
DA:131,4
DA:132,1
DA:133,1
DA:135,1
LF:66
LH:36
BRDA:7,0,0,0
BRDA:16,0,0,0
BRDA:21,0,0,0
BRDA:36,0,0,0
BRDA:46,0,0,1
BRDA:52,0,0,1
BRDA:55,0,0,1
BRDA:65,0,0,1
BRDA:67,0,0,1
BRDA:69,0,0,1
BRDA:71,0,0,1
BRDA:77,0,0,1
BRDA:81,0,0,1
BRDA:87,0,0,0
BRDA:92,0,0,0
BRDA:93,0,0,0
BRDA:99,0,0,1
BRDA:101,0,0,0
BRDA:104,0,0,1
BRDA:106,0,0,0
BRDA:112,0,0,1
BRDA:119,0,0,1
BRDA:120,0,0,0
BRDA:126,0,0,1
BRDA:130,0,0,1
BRDA:131,0,0,1
BRDA:134,0,0,1
end_of_record
SF:C:\Users\jeffb\Desktop\dev\dart\aoc_2025\lib\chal_6\solve.dart
FN:6,main
FN:42,parseLines
FN:45,parseLines2
FN:78,parseOps
FN:86,Op.Op
FN:88,Op.fromString
FN:91,Op.evaluate
FNDA:1,parseLines
FNDA:1,parseLines2
FNDA:1,parseOps
FNDA:1,Op.fromString
FNF:7
FNH:4
DA:6,0
DA:7,0
DA:8,0
DA:9,0
DA:11,0
DA:13,0
DA:14,0
DA:16,0
DA:17,0
DA:19,0
DA:20,0
DA:21,0
DA:23,0
DA:28,0
DA:29,0
DA:30,0
DA:32,0
DA:33,0
DA:34,0
DA:35,0
DA:36,0
DA:38,0
DA:42,1
DA:43,6
DA:45,1
DA:46,4
DA:47,2
DA:49,1
DA:50,2
DA:52,1
DA:53,1
DA:54,3
DA:55,2
DA:56,1
DA:58,1
DA:59,3
DA:60,1
DA:62,4
DA:64,1
DA:66,2
DA:67,4
DA:68,1
DA:71,2
DA:73,1
DA:78,1
DA:79,6
DA:88,1
DA:89,4
DA:91,0
DA:94,0
DA:95,0
DA:96,0
DA:97,0
LF:53
LH:26
BRDA:6,0,0,0
BRDA:13,0,0,0
BRDA:17,0,0,0
BRDA:19,0,0,0
BRDA:23,0,0,0
BRDA:34,0,0,0
BRDA:38,0,0,0
BRDA:42,0,0,1
BRDA:43,0,0,1
BRDA:45,0,0,1
BRDA:46,0,0,1
BRDA:54,0,0,1
BRDA:55,0,0,1
BRDA:59,0,0,1
BRDA:66,0,0,1
BRDA:67,0,0,1
BRDA:68,0,0,0
BRDA:78,0,0,1
BRDA:79,0,0,1
BRDA:88,0,0,1
BRDA:89,0,0,1
BRDA:91,0,0,0
BRDA:94,0,0,0
BRDA:95,0,0,0
BRDA:96,0,0,0
BRDA:97,0,0,0
end_of_record
