SF:C:\Users\jeffb\Desktop\dev\dart\aoc_2025\lib\aoc_2025.dart
FN:1,calculate
FNDA:1,calculate
FNF:1
FNH:1
DA:1,1
DA:2,1
LF:2
LH:2
BRDA:1,0,0,1
end_of_record
SF:C:\Users\jeffb\Desktop\dev\dart\aoc_2025\lib\chal_1\solve.dart
FN:6,main
FN:28,Direction.Direction
FN:34,Rotation.Rotation
FN:36,Rotation.fromInputs
FN:39,Rotation.Rotation.fromString
FN:73,Rotation.toString
FN:83,Rotation.props
FN:86,Rotation.getNewPosition
FN:98,Rotation.countClicks
FN:113,SafeRotation.applyRotation
FNDA:1,Rotation.Rotation
FNDA:1,Rotation.Rotation.fromString
FNDA:1,Rotation.toString
FNDA:1,Rotation.props
FNDA:1,Rotation.getNewPosition
FNDA:1,Rotation.countClicks
FNDA:1,SafeRotation.applyRotation
FNF:10
FNH:7
DA:6,0
DA:7,0
DA:8,0
DA:9,0
DA:15,0
DA:17,0
DA:19,0
DA:20,0
DA:22,0
DA:25,0
DA:34,1
DA:36,0
DA:37,0
DA:39,1
DA:40,1
DA:41,1
DA:46,1
DA:49,1
DA:53,0
DA:56,1
DA:70,1
DA:73,1
DA:75,1
DA:76,1
DA:77,3
DA:78,1
DA:79,3
DA:83,1
DA:84,3
DA:86,1
DA:88,2
DA:90,2
DA:92,2
DA:94,1
DA:98,1
DA:99,2
DA:100,1
DA:101,3
DA:102,1
DA:104,3
DA:105,0
DA:113,1
DA:114,1
LF:43
LH:29
BRDA:6,0,0,0
BRDA:15,0,0,0
BRDA:19,0,0,0
BRDA:34,0,0,1
BRDA:36,0,0,0
BRDA:37,0,0,0
BRDA:39,0,0,1
BRDA:46,0,0,1
BRDA:49,0,0,1
BRDA:52,0,0,0
BRDA:73,0,0,1
BRDA:76,0,0,1
BRDA:78,0,0,1
BRDA:83,0,0,1
BRDA:86,0,0,1
BRDA:88,0,0,1
BRDA:91,0,0,1
BRDA:98,0,0,1
BRDA:101,0,0,1
BRDA:104,0,0,0
BRDA:113,0,0,1
end_of_record
SF:C:\Users\jeffb\Desktop\dev\dart\aoc_2025\lib\chal_2\solve.dart
FN:5,main
FN:23,bf
FN:29,bfAll
FN:35,checkValidity2
FN:40,checkValidityAll
FN:55,getFactors
FNDA:1,bf
FNDA:1,bfAll
FNDA:1,checkValidity2
FNDA:1,checkValidityAll
FNDA:1,getFactors
FNF:6
FNH:5
DA:5,0
DA:6,0
DA:8,0
DA:9,0
DA:10,0
DA:13,0
DA:14,0
DA:15,0
DA:16,0
DA:17,0
DA:19,0
DA:20,0
DA:23,1
DA:24,5
DA:25,3
DA:26,1
DA:27,3
DA:29,1
DA:30,5
DA:31,3
DA:32,1
DA:33,3
DA:35,1
DA:36,3
DA:37,7
DA:40,1
DA:41,1
DA:42,1
DA:43,2
DA:44,1
DA:45,1
DA:46,2
DA:47,1
DA:55,1
DA:56,1
DA:58,2
DA:59,2
DA:60,1
LF:38
LH:26
BRDA:5,0,0,0
BRDA:10,0,0,0
BRDA:15,0,0,0
BRDA:19,0,0,0
BRDA:20,0,0,0
BRDA:23,0,0,1
BRDA:24,0,0,1
BRDA:25,0,0,1
BRDA:27,0,0,1
BRDA:29,0,0,1
BRDA:30,0,0,1
BRDA:31,0,0,1
BRDA:33,0,0,1
BRDA:35,0,0,1
BRDA:40,0,0,1
BRDA:43,0,0,1
BRDA:44,0,0,1
BRDA:47,0,0,1
BRDA:55,0,0,1
BRDA:58,0,0,1
BRDA:59,0,0,1
end_of_record
SF:C:\Users\jeffb\Desktop\dev\dart\aoc_2025\lib\chal_3\solve.dart
FN:6,main
FN:20,getMaxJolt
FN:49,getJoltage
FNDA:1,getMaxJolt
FNDA:1,getJoltage
FNF:3
FNH:2
DA:6,0
DA:7,0
DA:8,0
DA:9,0
DA:11,0
DA:12,0
DA:14,0
DA:15,0
DA:17,0
DA:20,1
DA:22,5
DA:23,1
DA:26,4
DA:29,2
DA:30,5
DA:34,1
DA:38,1
DA:39,4
DA:42,2
DA:43,1
DA:46,5
DA:49,1
DA:55,2
DA:56,1
DA:58,2
DA:59,2
DA:61,2
DA:66,1
DA:75,1
DA:77,2
DA:78,1
DA:79,1
DA:81,0
LF:33
LH:23
BRDA:6,0,0,0
BRDA:9,0,0,0
BRDA:11,0,0,0
BRDA:12,0,0,0
BRDA:14,0,0,0
BRDA:15,0,0,0
BRDA:20,0,0,1
BRDA:29,0,0,1
BRDA:30,0,0,1
BRDA:42,0,0,1
BRDA:46,0,0,1
BRDA:49,0,0,1
BRDA:55,0,0,1
BRDA:56,0,0,1
BRDA:57,0,0,1
BRDA:60,0,0,1
BRDA:65,0,0,2
BRDA:66,0,0,1
BRDA:69,0,0,1
BRDA:74,0,0,1
BRDA:76,0,0,1
BRDA:78,0,0,1
BRDA:80,0,0,0
end_of_record
SF:C:\Users\jeffb\Desktop\dev\dart\aoc_2025\lib\chal_4\solve.dart
FN:6,main
FN:47,getMultiStepPoints
FN:84,getMovingPoints
FN:132,PointValidity.isValid
FNDA:1,getMultiStepPoints
FNDA:1,getMovingPoints
FNDA:1,PointValidity.isValid
FNF:4
FNH:3
DA:6,0
DA:7,0
DA:8,0
DA:9,0
DA:11,0
DA:13,0
DA:27,0
DA:29,0
DA:30,0
DA:32,0
DA:47,1
DA:52,1
DA:54,1
DA:55,1
DA:57,1
DA:64,3
DA:65,4
DA:66,2
DA:68,2
DA:76,1
DA:77,1
DA:79,1
DA:84,1
DA:89,1
DA:91,3
DA:92,4
DA:93,3
DA:96,1
DA:97,1
DA:103,1
DA:104,3
DA:105,2
DA:106,2
DA:107,2
DA:109,1
DA:110,2
DA:111,1
DA:112,1
DA:114,2
DA:115,1
DA:116,4
DA:117,5
DA:118,1
DA:122,2
DA:123,1
DA:132,1
DA:133,8
LF:47
LH:37
BRDA:6,0,0,0
BRDA:9,0,0,0
BRDA:29,0,0,0
BRDA:47,0,0,1
BRDA:56,0,0,1
BRDA:64,0,0,1
BRDA:65,0,0,1
BRDA:66,0,0,1
BRDA:69,0,0,1
BRDA:76,0,0,1
BRDA:84,0,0,1
BRDA:91,0,0,1
BRDA:92,0,0,1
BRDA:93,0,0,1
BRDA:114,0,0,1
BRDA:117,0,0,1
BRDA:122,0,0,1
BRDA:132,0,0,1
end_of_record
